<?xml version="1.0" encoding="UTF-8"?>
<!-- Generated by org.testng.reporters.JUnitReportReporter -->
<testsuite hostname="DESKTOP-NCIITFE" failures="0" tests="1" name="com.teamrwb.test.TakeScreenShot" time="34.657" errors="0" timestamp="2021-08-02T11:41:16 IST" skipped="0">
  <testcase classname="com.teamrwb.test.TakeScreenShot" name="ScreenShot" time="34.657"/>
  <system-out/>
</testsuite> <!-- com.teamrwb.test.TakeScreenShot -->
