<?xml version="1.0" encoding="UTF-8"?>
<!-- Generated by org.testng.reporters.JUnitReportReporter -->
<testsuite hostname="DESKTOP-NCIITFE" failures="0" tests="1" name="com.teamrwb.test.DropdownUsingSelect" time="14.609" errors="0" timestamp="2021-07-12T00:41:31 IST" skipped="0">
  <testcase classname="com.teamrwb.test.DropdownUsingSelect" name="launch" time="14.609"/>
  <system-out/>
</testsuite> <!-- com.teamrwb.test.DropdownUsingSelect -->
