<?xml version="1.0" encoding="UTF-8"?>
<!-- Generated by org.testng.reporters.JUnitReportReporter -->
<testsuite hostname="DESKTOP-NCIITFE" failures="0" tests="1" name="com.teamrwb.test.TakeScreenShot" time="13.751" errors="0" timestamp="2021-08-07T14:22:29 IST" skipped="0">
  <testcase classname="com.teamrwb.test.TakeScreenShot" name="ScreenShot" time="13.751"/>
  <system-out/>
</testsuite> <!-- com.teamrwb.test.TakeScreenShot -->
